\BOOKMARK [0][-]{chapter*.1}{\376\377\122\115\212\000}{}% 1
\BOOKMARK [-1][-]{part.1}{\376\377\173\054\116\000\220\350\122\006\000\040\151\202\163\207\213\272}{}% 2
\BOOKMARK [0][-]{chapter.1}{\376\377\131\047\145\160\133\232\137\213\116\016\116\055\137\303\147\201\226\120\133\232\164\006}{part.1}% 3
\BOOKMARK [1][-]{section.1.1}{\376\377\217\336\176\355\140\047\150\041\153\143}{chapter.1}% 4
\BOOKMARK [2][-]{subsection.1.1.1}{\376\377\117\177\165\050\123\237\126\340}{section.1.1}% 5
\BOOKMARK [2][-]{subsection.1.1.2}{\376\377\121\167\117\123\145\271\154\325}{section.1.1}% 6
\BOOKMARK [-1][-]{part.2}{\376\377\173\054\116\214\220\350\122\006\000\040\227\136\123\302\145\160\176\337\213\241\133\146}{}% 7
\BOOKMARK [0][-]{chapter.2}{\376\377\123\125\150\067\147\054\117\115\177\156\150\300\232\214}{part.2}% 8
\BOOKMARK [1][-]{section.2.1}{\376\377\136\177\116\111\173\046\123\367\150\300\232\214}{chapter.2}% 9
\BOOKMARK [1][-]{section.2.2}{\376\377\000W\000i\000l\000c\000o\000x\000o\000n\173\046\123\367\171\351\150\300\232\214}{chapter.2}% 10
\BOOKMARK [1][-]{section.2.3}{\376\377\116\055\117\115\145\160\166\204\160\271\117\060\213\241\116\016\177\156\117\341\123\072\225\364}{chapter.2}% 11
\BOOKMARK [1][-]{section.2.4}{\376\377\173\046\123\367\150\300\232\214\116\016\000W\000i\000l\000c\000o\000x\000o\000n\173\046\123\367\171\351\150\300\232\214\166\204\153\324\217\203}{chapter.2}% 12
\BOOKMARK [0][-]{chapter.3}{\376\377\116\044\150\067\147\054\117\115\177\156\150\300\232\214}{part.2}% 13
\BOOKMARK [1][-]{section.3.1}{\376\377\166\356\166\204}{chapter.3}% 14
\BOOKMARK [1][-]{section.3.2}{\376\377\000B\000r\000o\000w\000n\000-\000M\000o\000o\000d\116\055\117\115\145\160\150\300\232\214}{chapter.3}% 15
\BOOKMARK [1][-]{section.3.3}{\376\377\000W\000i\000l\000c\000o\000x\000o\000n\171\351\124\214\150\300\232\214}{chapter.3}% 16
\BOOKMARK [1][-]{section.3.4}{\376\377\000B\000r\000o\000w\000n\000-\000M\000o\000o\000d\116\055\117\115\145\160\150\300\232\214\116\016\000W\000i\000l\000c\000o\000x\000o\000n\171\351\124\214\150\300\232\214\166\204\153\324\217\203}{chapter.3}% 17
\BOOKMARK [1][-]{section.3.5}{\376\377\142\020\133\371\145\160\143\156\135\356\137\002\140\047\150\300\232\214}{chapter.3}% 18
\BOOKMARK [2][-]{subsection.3.5.1}{\376\377\217\336\176\355\127\213\145\160\143\156}{section.3.5}% 19
\BOOKMARK [2][-]{subsection.3.5.2}{\376\377\0000\0001\127\213\145\160\143\156\166\204\000M\000c\000N\000e\000m\000a\000r\150\300\232\214}{section.3.5}% 20
\BOOKMARK [0][-]{chapter.4}{\376\377\131\032\150\067\147\054\117\115\177\156\150\300\232\214}{part.2}% 21
\BOOKMARK [1][-]{section.4.1}{\376\377\166\356\166\204}{chapter.4}% 22
\BOOKMARK [1][-]{section.4.2}{\376\377\147\054\172\340\124\004\145\271\154\325\166\204\173\200\123\125\140\073\176\323}{chapter.4}% 23
\BOOKMARK [1][-]{section.4.3}{\376\377\000K\000r\000u\000s\000k\000a\000l\000-\000W\000a\000l\000l\000i\000s\150\300\232\214}{chapter.4}% 24
\BOOKMARK [1][-]{section.4.4}{\376\377\000J\000o\000n\000c\000k\000h\000e\000e\000r\000e\000-\000T\000e\000r\000p\000s\000t\000r\000a\150\300\232\214}{chapter.4}% 25
\BOOKMARK [1][-]{section.4.5}{\376\377\000F\000r\000i\000e\000d\000m\000a\000n\171\351\124\214\150\300\232\214}{chapter.4}% 26
\BOOKMARK [1][-]{section.4.6}{\376\377\000P\000a\000g\000e\150\300\232\214}{chapter.4}% 27
\BOOKMARK [1][-]{section.4.7}{\376\377\000C\000o\000c\000h\000r\000a\000n\150\300\232\214}{chapter.4}% 28
\BOOKMARK [1][-]{section.4.8}{\376\377\000D\000u\000r\000b\000i\000n\150\300\232\214}{chapter.4}% 29
\BOOKMARK [0][-]{chapter.5}{\376\377\000S\000o\000m\000e\000t\000h\000i\000n\000g\000\040\000e\000l\000s\000e}{part.2}% 30
\BOOKMARK [1][-]{section.5.1}{\376\377\000C\000o\000x\000-\000S\000t\000u\000a\000r\000t\215\213\122\277\150\300\232\214}{chapter.5}% 31
\BOOKMARK [1][-]{section.5.2}{\376\377\156\070\172\013\150\300\232\214}{chapter.5}% 32
\BOOKMARK [1][-]{section.5.3}{\376\377\122\006\174\173\213\304\122\006\176\323\147\234\116\000\201\364\140\047\122\044\145\255}{chapter.5}% 33
\BOOKMARK [2][-]{subsection.5.3.1}{\376\377\000C\000o\000h\000e\000n\000'\000s\000\040\000K\000a\000p\000p\000a\174\373\145\160}{section.5.3}% 34
\BOOKMARK [2][-]{subsection.5.3.2}{\376\377\000K\000e\000n\000d\000a\000l\000l\123\117\124\014\174\373\145\160\150\300\232\214}{section.5.3}% 35
\BOOKMARK [1][-]{section.5.4}{\376\377\122\027\200\124\210\150\162\354\172\313\140\047\225\356\230\230}{chapter.5}% 36
\BOOKMARK [2][-]{subsection.5.4.1}{\376\377\000P\000e\000a\000r\000s\000o\000n\217\321\117\074\150\300\232\214}{section.5.4}% 37
\BOOKMARK [2][-]{subsection.5.4.2}{\376\377\117\116\176\364\122\027\200\124\210\150\166\204\000F\000i\000s\000h\000e\000r\174\276\170\156\150\300\232\214}{section.5.4}% 38
\BOOKMARK [1][-]{section.5.5}{\376\377\117\074\161\066\153\324\150\300\232\214}{chapter.5}% 39
\BOOKMARK [0][-]{chapter.6}{\376\377\123\125\214\003\121\163\200\124\140\047}{part.2}% 40
\BOOKMARK [1][-]{section.6.1}{\376\377\123\125\214\003\121\163\200\124\140\047\166\204\226\366\120\107\213\276\116\016\131\007\142\351\120\107\213\276}{chapter.6}% 41
\BOOKMARK [1][-]{section.6.2}{\376\377\147\054\172\340\124\004\145\271\154\325\166\204\173\200\123\125\140\073\176\323}{chapter.6}% 42
\BOOKMARK [1][-]{section.6.3}{\376\377\000S\000p\000e\000a\000r\000m\000a\000n\171\351\121\163\200\124\150\300\232\214}{chapter.6}% 43
\BOOKMARK [1][-]{section.6.4}{\376\377\000K\000e\000n\000d\000a\000l\000l\121\163\200\124\150\300\232\214}{chapter.6}% 44
\BOOKMARK [1][-]{section.6.5}{\376\377\000G\000o\000o\000d\000m\000a\000n\000-\000K\000r\000u\000s\000k\000a\000l\000'\000s\121\163\200\124\150\300\232\214}{chapter.6}% 45
\BOOKMARK [1][-]{section.6.6}{\376\377\000S\000u\000m\000e\000r\000s\000'\000d\121\163\200\124\150\300\232\214}{chapter.6}% 46
\BOOKMARK [0][-]{equation.6.6.1}{\376\377\226\104\137\125}{part.2}% 47
\BOOKMARK [1][-]{section.Alph0.1}{\376\377\145\160\127\337}{equation.6.6.1}% 48
\BOOKMARK [1][-]{section.Alph0.2}{\376\377\173\111\116\367\121\163\174\373}{equation.6.6.1}% 49
\BOOKMARK [1][-]{section.Alph0.3}{\376\377\167\351\226\065}{equation.6.6.1}% 50
\BOOKMARK [2][-]{subsection.Alph0.3.1}{\376\377\000K\000r\000o\000n\000e\000c\000k\000e\000r\116\130\171\357}{section.Alph0.3}% 51
\BOOKMARK [2][-]{subsection.Alph0.3.2}{\376\377\217\371}{section.Alph0.3}% 52
\BOOKMARK [0][-]{AMS.19}{\376\377\124\016\213\260}{part.2}% 53
